<?xml version="1.0" encoding="UTF-8"?>
<!-- Generated by org.testng.reporters.JUnitXMLReporter -->
<testsuite ignored="1" hostname="GC02TD4EPG8WNE" failures="0" tests="1" name="Default test" time="2.139" errors="0" timestamp="26 Nov 2019 07:30:09 GMT">
  <testcase classname="com.dc.datacreator.tests.EventTest" name="eventTest" time="0.015"/>
  <testcase classname="com.dc.datacreator.tests.EventTest" name="eventNonWOTest" time="0.0">
    <ignored/>
  </testcase> <!-- eventNonWOTest -->
</testsuite> <!-- Default test -->
