<?xml version="1.0" encoding="UTF-8"?>
<testng-results ignored="1" total="2" passed="1" failed="0" skipped="0">
  <reporter-output>
  </reporter-output>
  <suite started-at="2019-11-26T07:30:07Z" name="Default suite" finished-at="2019-11-26T07:30:09Z" duration-ms="2139">
    <groups>
    </groups>
    <test started-at="2019-11-26T07:30:07Z" name="Default test" finished-at="2019-11-26T07:30:09Z" duration-ms="2139">
      <class name="com.dc.datacreator.tests.EventTest">
        <test-method is-config="true" signature="initialization()[pri:0, instance:com.dc.datacreator.tests.EventTest@60015ef5]" started-at="2019-11-26T13:00:07Z" name="initialization" finished-at="2019-11-26T13:00:09Z" duration-ms="2105" status="PASS">
          <reporter-output>
          </reporter-output>
        </test-method> <!-- initialization -->
        <test-method signature="eventTest()[pri:0, instance:com.dc.datacreator.tests.EventTest@60015ef5]" started-at="2019-11-26T13:00:09Z" name="eventTest" description="DCDATA_01: To create data" finished-at="2019-11-26T13:00:09Z" duration-ms="15" status="PASS">
          <reporter-output>
          </reporter-output>
        </test-method> <!-- eventTest -->
      </class> <!-- com.dc.datacreator.tests.EventTest -->
    </test> <!-- Default test -->
  </suite> <!-- Default suite -->
</testng-results>
