<?xml version="1.0" encoding="UTF-8"?>
<testng-results ignored="6" total="7" passed="0" failed="1" skipped="0">
  <reporter-output>
  </reporter-output>
  <suite started-at="2019-09-19T09:24:29Z" name="Default suite" finished-at="2019-09-19T09:24:31Z" duration-ms="2776">
    <groups>
    </groups>
    <test started-at="2019-09-19T09:24:29Z" name="Default test" finished-at="2019-09-19T09:24:31Z" duration-ms="2776">
      <class name="com.dc.datacreator.tests.DataTest">
        <test-method is-config="true" signature="initialization()[pri:0, instance:com.dc.datacreator.tests.DataTest@313b2ea6]" started-at="2019-09-19T14:54:29Z" name="initialization" finished-at="2019-09-19T14:54:29Z" duration-ms="10" status="PASS">
          <reporter-output>
          </reporter-output>
        </test-method> <!-- initialization -->
        <test-method signature="createTechtest()[pri:7, instance:com.dc.datacreator.tests.DataTest@313b2ea6]" started-at="2019-09-19T14:54:29Z" name="createTechtest" description="DCDATA_07: To create technician data" finished-at="2019-09-19T14:54:31Z" duration-ms="2749" status="FAIL">
          <exception class="org.json.JSONException">
            <message>
              <![CDATA[A JSONObject text must begin with '{' at 0 [character 1 line 1]]]>
            </message>
            <full-stacktrace>
              <![CDATA[org.json.JSONException: A JSONObject text must begin with '{' at 0 [character 1 line 1]at org.json.JSONTokener.syntaxError(JSONTokener.java:505)at org.json.JSONObject.<init>(JSONObject.java:215)at org.json.JSONObject.<init>(JSONObject.java:399)at com.dc.datacreator.lib.RestLib.getObjectRecordID(RestLib.java:122)at com.dc.datacreator.tests.DataTest.createTechtest(DataTest.java:193)at java.base/jdk.internal.reflect.NativeMethodAccessorImpl.invoke0(Native Method)at java.base/jdk.internal.reflect.NativeMethodAccessorImpl.invoke(NativeMethodAccessorImpl.java:62)at java.base/jdk.internal.reflect.DelegatingMethodAccessorImpl.invoke(DelegatingMethodAccessorImpl.java:43)at java.base/java.lang.reflect.Method.invoke(Method.java:564)at org.testng.internal.MethodInvocationHelper.invokeMethod(MethodInvocationHelper.java:124)at org.testng.internal.Invoker.invokeMethod(Invoker.java:571)at org.testng.internal.Invoker.invokeTestMethod(Invoker.java:707)at org.testng.internal.Invoker.invokeTestMethods(Invoker.java:979)at org.testng.internal.TestMethodWorker.invokeTestMethods(TestMethodWorker.java:125)at org.testng.internal.TestMethodWorker.run(TestMethodWorker.java:109)at org.testng.TestRunner.privateRun(TestRunner.java:648)at org.testng.TestRunner.run(TestRunner.java:505)at org.testng.SuiteRunner.runTest(SuiteRunner.java:455)at org.testng.SuiteRunner.runSequentially(SuiteRunner.java:450)at org.testng.SuiteRunner.privateRun(SuiteRunner.java:415)at org.testng.SuiteRunner.run(SuiteRunner.java:364)at org.testng.SuiteRunnerWorker.runSuite(SuiteRunnerWorker.java:52)at org.testng.SuiteRunnerWorker.run(SuiteRunnerWorker.java:84)at org.testng.TestNG.runSuitesSequentially(TestNG.java:1187)at org.testng.TestNG.runSuitesLocally(TestNG.java:1116)at org.testng.TestNG.runSuites(TestNG.java:1028)at org.testng.TestNG.run(TestNG.java:996)at org.testng.remote.AbstractRemoteTestNG.run(AbstractRemoteTestNG.java:114)at org.testng.remote.RemoteTestNG.initAndRun(RemoteTestNG.java:251)at org.testng.remote.RemoteTestNG.main(RemoteTestNG.java:77)]]>
            </full-stacktrace>
          </exception> <!-- org.json.JSONException -->
          <reporter-output>
          </reporter-output>
        </test-method> <!-- createTechtest -->
      </class> <!-- com.dc.datacreator.tests.DataTest -->
    </test> <!-- Default test -->
  </suite> <!-- Default suite -->
</testng-results>
